<?xml version="1.0" encoding="UTF-8"?>
<!-- Generated by org.testng.reporters.JUnitXMLReporter -->
<testsuite ignored="0" hostname="DESKTOP-A2DPSL1" failures="0" tests="5" name="Default test" time="41.613" errors="0" timestamp="2024-12-06T11:49:50 IST">
  <testcase classname="DataProviderTesting" name="test" time="12.253"/>
  <testcase classname="DataProviderTesting" name="test" time="8.164"/>
  <testcase classname="DataProviderTesting" name="test" time="9.047"/>
  <testcase classname="DataProviderTesting" name="test" time="5.855"/>
  <testcase classname="DataProviderTesting" name="test" time="6.204"/>
</testsuite> <!-- Default test -->
