<?xml version="1.0" encoding="UTF-8"?>
<testng-results ignored="0" total="11" passed="11" failed="0" skipped="0">
  <reporter-output>
  </reporter-output>
  <suite started-at="2024-12-07T20:07:52 IST" name="Default suite" finished-at="2024-12-07T20:09:16 IST" duration-ms="83857">
    <groups>
    </groups>
    <test started-at="2024-12-07T20:07:52 IST" name="Default test" finished-at="2024-12-07T20:09:16 IST" duration-ms="83857">
      <class name="ExcelDataForMultiple.RediffLoginTestandSauceLabLoginTest">
        <test-method signature="SaouceLabLoginTest(java.lang.String, java.lang.String)[pri:1, instance:ExcelDataForMultiple.RediffLoginTestandSauceLabLoginTest@7a419da4]" started-at="2024-12-07T20:07:54 IST" name="SaouceLabLoginTest" data-provider="SauceLabLogin" finished-at="2024-12-07T20:08:07 IST" duration-ms="13422" status="PASS">
          <params>
            <param index="0">
              <value>
                <![CDATA[standard_user]]>
              </value>
            </param>
            <param index="1">
              <value>
                <![CDATA[secret_sauce]]>
              </value>
            </param>
          </params>
          <reporter-output>
          </reporter-output>
        </test-method> <!-- SaouceLabLoginTest -->
        <test-method is-config="true" signature="teardown()[pri:0, instance:ExcelDataForMultiple.RediffLoginTestandSauceLabLoginTest@7a419da4]" started-at="2024-12-07T20:08:07 IST" name="teardown" finished-at="2024-12-07T20:08:08 IST" duration-ms="416" status="PASS">
          <reporter-output>
          </reporter-output>
        </test-method> <!-- teardown -->
        <test-method signature="SaouceLabLoginTest(java.lang.String, java.lang.String)[pri:1, instance:ExcelDataForMultiple.RediffLoginTestandSauceLabLoginTest@7a419da4]" started-at="2024-12-07T20:08:08 IST" name="SaouceLabLoginTest" data-provider="SauceLabLogin" finished-at="2024-12-07T20:08:14 IST" duration-ms="6377" status="PASS">
          <params>
            <param index="0">
              <value>
                <![CDATA[locked_out_user]]>
              </value>
            </param>
            <param index="1">
              <value>
                <![CDATA[secret_sauce]]>
              </value>
            </param>
          </params>
          <reporter-output>
          </reporter-output>
        </test-method> <!-- SaouceLabLoginTest -->
        <test-method is-config="true" signature="teardown()[pri:0, instance:ExcelDataForMultiple.RediffLoginTestandSauceLabLoginTest@7a419da4]" started-at="2024-12-07T20:08:14 IST" name="teardown" finished-at="2024-12-07T20:08:14 IST" duration-ms="369" status="PASS">
          <reporter-output>
          </reporter-output>
        </test-method> <!-- teardown -->
        <test-method signature="SaouceLabLoginTest(java.lang.String, java.lang.String)[pri:1, instance:ExcelDataForMultiple.RediffLoginTestandSauceLabLoginTest@7a419da4]" started-at="2024-12-07T20:08:14 IST" name="SaouceLabLoginTest" data-provider="SauceLabLogin" finished-at="2024-12-07T20:08:21 IST" duration-ms="6742" status="PASS">
          <params>
            <param index="0">
              <value>
                <![CDATA[problem_user]]>
              </value>
            </param>
            <param index="1">
              <value>
                <![CDATA[secret_sauce]]>
              </value>
            </param>
          </params>
          <reporter-output>
          </reporter-output>
        </test-method> <!-- SaouceLabLoginTest -->
        <test-method is-config="true" signature="teardown()[pri:0, instance:ExcelDataForMultiple.RediffLoginTestandSauceLabLoginTest@7a419da4]" started-at="2024-12-07T20:08:21 IST" name="teardown" finished-at="2024-12-07T20:08:21 IST" duration-ms="354" status="PASS">
          <reporter-output>
          </reporter-output>
        </test-method> <!-- teardown -->
        <test-method signature="SaouceLabLoginTest(java.lang.String, java.lang.String)[pri:1, instance:ExcelDataForMultiple.RediffLoginTestandSauceLabLoginTest@7a419da4]" started-at="2024-12-07T20:08:21 IST" name="SaouceLabLoginTest" data-provider="SauceLabLogin" finished-at="2024-12-07T20:08:32 IST" duration-ms="11013" status="PASS">
          <params>
            <param index="0">
              <value>
                <![CDATA[performance_glitch_user]]>
              </value>
            </param>
            <param index="1">
              <value>
                <![CDATA[secret_sauce]]>
              </value>
            </param>
          </params>
          <reporter-output>
          </reporter-output>
        </test-method> <!-- SaouceLabLoginTest -->
        <test-method is-config="true" signature="teardown()[pri:0, instance:ExcelDataForMultiple.RediffLoginTestandSauceLabLoginTest@7a419da4]" started-at="2024-12-07T20:08:32 IST" name="teardown" finished-at="2024-12-07T20:08:33 IST" duration-ms="305" status="PASS">
          <reporter-output>
          </reporter-output>
        </test-method> <!-- teardown -->
        <test-method signature="SaouceLabLoginTest(java.lang.String, java.lang.String)[pri:1, instance:ExcelDataForMultiple.RediffLoginTestandSauceLabLoginTest@7a419da4]" started-at="2024-12-07T20:08:33 IST" name="SaouceLabLoginTest" data-provider="SauceLabLogin" finished-at="2024-12-07T20:08:38 IST" duration-ms="5739" status="PASS">
          <params>
            <param index="0">
              <value>
                <![CDATA[error_user]]>
              </value>
            </param>
            <param index="1">
              <value>
                <![CDATA[secret_sauce]]>
              </value>
            </param>
          </params>
          <reporter-output>
          </reporter-output>
        </test-method> <!-- SaouceLabLoginTest -->
        <test-method is-config="true" signature="teardown()[pri:0, instance:ExcelDataForMultiple.RediffLoginTestandSauceLabLoginTest@7a419da4]" started-at="2024-12-07T20:08:38 IST" name="teardown" finished-at="2024-12-07T20:08:39 IST" duration-ms="325" status="PASS">
          <reporter-output>
          </reporter-output>
        </test-method> <!-- teardown -->
        <test-method signature="SaouceLabLoginTest(java.lang.String, java.lang.String)[pri:1, instance:ExcelDataForMultiple.RediffLoginTestandSauceLabLoginTest@7a419da4]" started-at="2024-12-07T20:08:39 IST" name="SaouceLabLoginTest" data-provider="SauceLabLogin" finished-at="2024-12-07T20:08:44 IST" duration-ms="5614" status="PASS">
          <params>
            <param index="0">
              <value>
                <![CDATA[visual_user]]>
              </value>
            </param>
            <param index="1">
              <value>
                <![CDATA[secret_sauce]]>
              </value>
            </param>
          </params>
          <reporter-output>
          </reporter-output>
        </test-method> <!-- SaouceLabLoginTest -->
        <test-method is-config="true" signature="teardown()[pri:0, instance:ExcelDataForMultiple.RediffLoginTestandSauceLabLoginTest@7a419da4]" started-at="2024-12-07T20:08:44 IST" name="teardown" finished-at="2024-12-07T20:08:45 IST" duration-ms="338" status="PASS">
          <reporter-output>
          </reporter-output>
        </test-method> <!-- teardown -->
        <test-method signature="rediffLoginTest(java.lang.String, java.lang.String)[pri:1, instance:ExcelDataForMultiple.RediffLoginTestandSauceLabLoginTest@7a419da4]" started-at="2024-12-07T20:08:45 IST" name="rediffLoginTest" data-provider="Rediff" finished-at="2024-12-07T20:08:51 IST" duration-ms="5838" status="PASS">
          <params>
            <param index="0">
              <value>
                <![CDATA[testUser1]]>
              </value>
            </param>
            <param index="1">
              <value>
                <![CDATA[Secure@123]]>
              </value>
            </param>
          </params>
          <reporter-output>
          </reporter-output>
        </test-method> <!-- rediffLoginTest -->
        <test-method is-config="true" signature="teardown()[pri:0, instance:ExcelDataForMultiple.RediffLoginTestandSauceLabLoginTest@7a419da4]" started-at="2024-12-07T20:08:51 IST" name="teardown" finished-at="2024-12-07T20:08:51 IST" duration-ms="347" status="PASS">
          <reporter-output>
          </reporter-output>
        </test-method> <!-- teardown -->
        <test-method signature="rediffLoginTest(java.lang.String, java.lang.String)[pri:1, instance:ExcelDataForMultiple.RediffLoginTestandSauceLabLoginTest@7a419da4]" started-at="2024-12-07T20:08:51 IST" name="rediffLoginTest" data-provider="Rediff" finished-at="2024-12-07T20:08:57 IST" duration-ms="5765" status="PASS">
          <params>
            <param index="0">
              <value>
                <![CDATA[demoUser2024]]>
              </value>
            </param>
            <param index="1">
              <value>
                <![CDATA[Demo#456]]>
              </value>
            </param>
          </params>
          <reporter-output>
          </reporter-output>
        </test-method> <!-- rediffLoginTest -->
        <test-method is-config="true" signature="teardown()[pri:0, instance:ExcelDataForMultiple.RediffLoginTestandSauceLabLoginTest@7a419da4]" started-at="2024-12-07T20:08:57 IST" name="teardown" finished-at="2024-12-07T20:08:57 IST" duration-ms="306" status="PASS">
          <reporter-output>
          </reporter-output>
        </test-method> <!-- teardown -->
        <test-method signature="rediffLoginTest(java.lang.String, java.lang.String)[pri:1, instance:ExcelDataForMultiple.RediffLoginTestandSauceLabLoginTest@7a419da4]" started-at="2024-12-07T20:08:57 IST" name="rediffLoginTest" data-provider="Rediff" finished-at="2024-12-07T20:09:03 IST" duration-ms="6144" status="PASS">
          <params>
            <param index="0">
              <value>
                <![CDATA[sampleAccount3]]>
              </value>
            </param>
            <param index="1">
              <value>
                <![CDATA[Pass!789]]>
              </value>
            </param>
          </params>
          <reporter-output>
          </reporter-output>
        </test-method> <!-- rediffLoginTest -->
        <test-method is-config="true" signature="teardown()[pri:0, instance:ExcelDataForMultiple.RediffLoginTestandSauceLabLoginTest@7a419da4]" started-at="2024-12-07T20:09:03 IST" name="teardown" finished-at="2024-12-07T20:09:04 IST" duration-ms="306" status="PASS">
          <reporter-output>
          </reporter-output>
        </test-method> <!-- teardown -->
        <test-method signature="rediffLoginTest(java.lang.String, java.lang.String)[pri:1, instance:ExcelDataForMultiple.RediffLoginTestandSauceLabLoginTest@7a419da4]" started-at="2024-12-07T20:09:04 IST" name="rediffLoginTest" data-provider="Rediff" finished-at="2024-12-07T20:09:09 IST" duration-ms="5682" status="PASS">
          <params>
            <param index="0">
              <value>
                <![CDATA[fakeUser_4]]>
              </value>
            </param>
            <param index="1">
              <value>
                <![CDATA[Fake@890]]>
              </value>
            </param>
          </params>
          <reporter-output>
          </reporter-output>
        </test-method> <!-- rediffLoginTest -->
        <test-method is-config="true" signature="teardown()[pri:0, instance:ExcelDataForMultiple.RediffLoginTestandSauceLabLoginTest@7a419da4]" started-at="2024-12-07T20:09:09 IST" name="teardown" finished-at="2024-12-07T20:09:10 IST" duration-ms="339" status="PASS">
          <reporter-output>
          </reporter-output>
        </test-method> <!-- teardown -->
        <test-method signature="rediffLoginTest(java.lang.String, java.lang.String)[pri:1, instance:ExcelDataForMultiple.RediffLoginTestandSauceLabLoginTest@7a419da4]" started-at="2024-12-07T20:09:10 IST" name="rediffLoginTest" data-provider="Rediff" finished-at="2024-12-07T20:09:15 IST" duration-ms="5562" status="PASS">
          <params>
            <param index="0">
              <value>
                <![CDATA[tempUser_5]]>
              </value>
            </param>
            <param index="1">
              <value>
                <![CDATA[Temp#321]]>
              </value>
            </param>
          </params>
          <reporter-output>
          </reporter-output>
        </test-method> <!-- rediffLoginTest -->
        <test-method is-config="true" signature="teardown()[pri:0, instance:ExcelDataForMultiple.RediffLoginTestandSauceLabLoginTest@7a419da4]" started-at="2024-12-07T20:09:15 IST" name="teardown" finished-at="2024-12-07T20:09:16 IST" duration-ms="325" status="PASS">
          <reporter-output>
          </reporter-output>
        </test-method> <!-- teardown -->
      </class> <!-- ExcelDataForMultiple.RediffLoginTestandSauceLabLoginTest -->
    </test> <!-- Default test -->
  </suite> <!-- Default suite -->
</testng-results>
