<?xml version="1.0" encoding="UTF-8"?>
<testng-results ignored="0" total="5" passed="5" failed="0" skipped="0">
  <reporter-output>
  </reporter-output>
  <suite started-at="2024-12-06T11:49:08 IST" name="Default suite" finished-at="2024-12-06T11:49:50 IST" duration-ms="41613">
    <groups>
    </groups>
    <test started-at="2024-12-06T11:49:08 IST" name="Default test" finished-at="2024-12-06T11:49:50 IST" duration-ms="41613">
      <class name="DataProviderTesting">
        <test-method signature="test(java.lang.String, java.lang.String)[pri:0, instance:DataProviderTesting@101952da]" started-at="2024-12-06T11:49:08 IST" name="test" data-provider="getData" finished-at="2024-12-06T11:49:21 IST" duration-ms="12253" status="PASS">
          <params>
            <param index="0">
              <value>
                <![CDATA[standard_user]]>
              </value>
            </param>
            <param index="1">
              <value>
                <![CDATA[secret_sauce]]>
              </value>
            </param>
          </params>
          <reporter-output>
          </reporter-output>
        </test-method> <!-- test -->
        <test-method signature="test(java.lang.String, java.lang.String)[pri:0, instance:DataProviderTesting@101952da]" started-at="2024-12-06T11:49:21 IST" name="test" data-provider="getData" finished-at="2024-12-06T11:49:29 IST" duration-ms="8164" status="PASS">
          <params>
            <param index="0">
              <value>
                <![CDATA[locked_out_user]]>
              </value>
            </param>
            <param index="1">
              <value>
                <![CDATA[secret_sauce]]>
              </value>
            </param>
          </params>
          <reporter-output>
          </reporter-output>
        </test-method> <!-- test -->
        <test-method signature="test(java.lang.String, java.lang.String)[pri:0, instance:DataProviderTesting@101952da]" started-at="2024-12-06T11:49:29 IST" name="test" data-provider="getData" finished-at="2024-12-06T11:49:38 IST" duration-ms="9047" status="PASS">
          <params>
            <param index="0">
              <value>
                <![CDATA[problem_user]]>
              </value>
            </param>
            <param index="1">
              <value>
                <![CDATA[secret_sauce]]>
              </value>
            </param>
          </params>
          <reporter-output>
          </reporter-output>
        </test-method> <!-- test -->
        <test-method signature="test(java.lang.String, java.lang.String)[pri:0, instance:DataProviderTesting@101952da]" started-at="2024-12-06T11:49:38 IST" name="test" data-provider="getData" finished-at="2024-12-06T11:49:44 IST" duration-ms="5855" status="PASS">
          <params>
            <param index="0">
              <value>
                <![CDATA[error_user]]>
              </value>
            </param>
            <param index="1">
              <value>
                <![CDATA[secret_sauce]]>
              </value>
            </param>
          </params>
          <reporter-output>
          </reporter-output>
        </test-method> <!-- test -->
        <test-method signature="test(java.lang.String, java.lang.String)[pri:0, instance:DataProviderTesting@101952da]" started-at="2024-12-06T11:49:44 IST" name="test" data-provider="getData" finished-at="2024-12-06T11:49:50 IST" duration-ms="6204" status="PASS">
          <params>
            <param index="0">
              <value>
                <![CDATA[visual_user]]>
              </value>
            </param>
            <param index="1">
              <value>
                <![CDATA[secret_sauce]]>
              </value>
            </param>
          </params>
          <reporter-output>
          </reporter-output>
        </test-method> <!-- test -->
      </class> <!-- DataProviderTesting -->
    </test> <!-- Default test -->
  </suite> <!-- Default suite -->
</testng-results>
