<?xml version="1.0" encoding="UTF-8"?>
<!-- Generated by org.testng.reporters.JUnitReportReporter -->
<testsuite hostname="DESKTOP-A2DPSL1" failures="0" tests="6" name="Utilities.TestexcelBase" time="22.706" errors="0" timestamp="2025-01-02T16:19:28 IST" skipped="1">
  <testcase classname="Utilities.TestexcelBase" name="SauceLab" time="4.373"/>
  <testcase classname="Utilities.TestexcelBase" name="SauceLab" time="4.135"/>
  <testcase classname="Utilities.TestexcelBase" name="SauceLab" time="7.619"/>
  <testcase classname="Utilities.TestexcelBase" name="SauceLab" time="3.282"/>
  <testcase classname="Utilities.TestexcelBase" name="SauceLab" time="3.297"/>
  <testcase classname="Utilities.TestexcelBase" name="rediffLoginTest">
    <skipped/>
  </testcase> <!-- rediffLoginTest -->
</testsuite> <!-- Utilities.TestexcelBase -->
