<?xml version="1.0" encoding="UTF-8"?>
<!-- Generated by org.testng.reporters.JUnitReportReporter -->
<testsuite hostname="DESKTOP-A2DPSL1" failures="0" tests="5" name="DataProviderTesting" time="41.523" errors="0" timestamp="2024-12-06T11:49:50 IST" skipped="0">
  <testcase classname="DataProviderTesting" name="test" time="8.164"/>
  <testcase classname="DataProviderTesting" name="test" time="9.047"/>
  <testcase classname="DataProviderTesting" name="test" time="5.855"/>
  <testcase classname="DataProviderTesting" name="test" time="12.253"/>
  <testcase classname="DataProviderTesting" name="test" time="6.204"/>
</testsuite> <!-- DataProviderTesting -->
