<?xml version="1.0" encoding="UTF-8"?>
<!-- Generated by org.testng.reporters.JUnitReportReporter -->
<testsuite hostname="DESKTOP-A2DPSL1" failures="0" tests="11" name="ExcelDataForMultiple.RediffLoginTestandSauceLabLoginTest" time="81.628" errors="0" timestamp="2024-12-07T20:09:16 IST" skipped="0">
  <testcase classname="ExcelDataForMultiple.RediffLoginTestandSauceLabLoginTest" name="rediffLoginTest" time="6.144"/>
  <testcase classname="ExcelDataForMultiple.RediffLoginTestandSauceLabLoginTest" name="rediffLoginTest" time="6.098"/>
  <testcase classname="ExcelDataForMultiple.RediffLoginTestandSauceLabLoginTest" name="SaouceLabLoginTest" time="6.731"/>
  <testcase classname="ExcelDataForMultiple.RediffLoginTestandSauceLabLoginTest" name="SaouceLabLoginTest" time="6.108"/>
  <testcase classname="ExcelDataForMultiple.RediffLoginTestandSauceLabLoginTest" name="SaouceLabLoginTest" time="13.728"/>
  <testcase classname="ExcelDataForMultiple.RediffLoginTestandSauceLabLoginTest" name="SaouceLabLoginTest" time="7.081"/>
  <testcase classname="ExcelDataForMultiple.RediffLoginTestandSauceLabLoginTest" name="SaouceLabLoginTest" time="5.919"/>
  <testcase classname="ExcelDataForMultiple.RediffLoginTestandSauceLabLoginTest" name="rediffLoginTest" time="5.900"/>
  <testcase classname="ExcelDataForMultiple.RediffLoginTestandSauceLabLoginTest" name="rediffLoginTest" time="6.491"/>
  <testcase classname="ExcelDataForMultiple.RediffLoginTestandSauceLabLoginTest" name="rediffLoginTest" time="6.090"/>
  <testcase classname="ExcelDataForMultiple.RediffLoginTestandSauceLabLoginTest" name="SaouceLabLoginTest" time="11.338"/>
</testsuite> <!-- ExcelDataForMultiple.RediffLoginTestandSauceLabLoginTest -->
