<?xml version="1.0" encoding="UTF-8"?>
<!-- Generated by org.testng.reporters.JUnitReportReporter -->
<testsuite hostname="DESKTOP-A2DPSL1" failures="0" tests="1" name="AutomationRegistrationForm.RagistrationForm" time="0.000" errors="0" timestamp="2024-12-11T21:27:48 IST" skipped="1">
  <testcase classname="AutomationRegistrationForm.RagistrationForm" name="TestingRegistrationForm" time="0.000">
    <skipped/>
  </testcase> <!-- TestingRegistrationForm -->
</testsuite> <!-- AutomationRegistrationForm.RagistrationForm -->
