<?xml version="1.0" encoding="UTF-8"?>
<!-- Generated by org.testng.reporters.JUnitReportReporter -->
<testsuite hostname="DESKTOP-A2DPSL1" failures="0" tests="11" name="ExcelDataForMultiple.RediffLoginTestandSauceLabLoginTest" time="85.780" errors="0" timestamp="2024-12-10T18:33:17 IST" skipped="0">
  <testcase classname="ExcelDataForMultiple.RediffLoginTestandSauceLabLoginTest" name="SaouceLabLoginTest" time="16.604"/>
  <testcase classname="ExcelDataForMultiple.RediffLoginTestandSauceLabLoginTest" name="SaouceLabLoginTest" time="12.522"/>
  <testcase classname="ExcelDataForMultiple.RediffLoginTestandSauceLabLoginTest" name="SaouceLabLoginTest" time="6.583"/>
  <testcase classname="ExcelDataForMultiple.RediffLoginTestandSauceLabLoginTest" name="SaouceLabLoginTest" time="6.436"/>
  <testcase classname="ExcelDataForMultiple.RediffLoginTestandSauceLabLoginTest" name="rediffLoginTest" time="6.532"/>
  <testcase classname="ExcelDataForMultiple.RediffLoginTestandSauceLabLoginTest" name="rediffLoginTest" time="5.539"/>
  <testcase classname="ExcelDataForMultiple.RediffLoginTestandSauceLabLoginTest" name="rediffLoginTest" time="4.770"/>
  <testcase classname="ExcelDataForMultiple.RediffLoginTestandSauceLabLoginTest" name="SaouceLabLoginTest" time="7.720"/>
  <testcase classname="ExcelDataForMultiple.RediffLoginTestandSauceLabLoginTest" name="SaouceLabLoginTest" time="6.379"/>
  <testcase classname="ExcelDataForMultiple.RediffLoginTestandSauceLabLoginTest" name="rediffLoginTest" time="5.691"/>
  <testcase classname="ExcelDataForMultiple.RediffLoginTestandSauceLabLoginTest" name="rediffLoginTest" time="7.004"/>
</testsuite> <!-- ExcelDataForMultiple.RediffLoginTestandSauceLabLoginTest -->
